
**** Build of configuration Debug for project Example_2833xEqep_pos_speed ****

"C:\\ti\\ccsv6\\utils\\bin\\gmake" -k all 
'Building file: ../Example_2833xEqep_pos_speed.c'
'Invoking: C2000 Compiler'
"C:/ti/ccsv6/tools/compiler/ti-cgt-c2000_15.12.1.LTS/bin/cl2000" -v28 -ml -mt --float_support=fpu32 --include_path="D:/DSP2833x_ProjectExample/DSP2833x_Libraries/DSP2833x_common" --include_path="D:/DSP2833x_ProjectExample/DSP2833x_Libraries/DSP2833x_headers/include" --include_path="C:/ti/ccsv6/tools/compiler/ti-cgt-c2000_15.12.1.LTS/include" --include_path="/packages/ti/xdais" --include_path="D:/libs/math/IQmath/v15c/include" --include_path="D:/libs/math/FPUfastRTS/V100/include" -g --define="_DEBUG" --define="LARGE_MODEL" --quiet --verbose_diagnostics --diag_warning=225 --diag_suppress=10063 --diag_suppress=16002 --issue_remarks --output_all_syms --cdebug_asm_data --asm_directory="C:/tidcs/c28/DSP2833x/v130/DSP2833x_examples_ccsv5/eqep_pos_speed/Debug" --preproc_with_compile --preproc_dependency="Example_2833xEqep_pos_speed.d"  "../Example_2833xEqep_pos_speed.c"

>> Compilation failure
subdir_rules.mk:77: recipe for target 'Example_2833xEqep_pos_speed.obj' failed
gmake: *** No rule to make target 'D:/DSP2833x_ProjectExample/DSP2833x_common/source/DSP2833x_ADC_cal.asm', needed by 'DSP2833x_ADC_cal.obj'.
gmake: *** No rule to make target 'D:/DSP2833x_ProjectExample/DSP2833x_common/source/DSP2833x_CodeStartBranch.asm', needed by 'DSP2833x_CodeStartBranch.obj'.
gmake: *** No rule to make target 'D:/DSP2833x_ProjectExample/DSP2833x_common/source/DSP2833x_DefaultIsr.c', needed by 'DSP2833x_DefaultIsr.obj'.
gmake: *** No rule to make target 'D:/DSP2833x_ProjectExample/DSP2833x_common/source/DSP2833x_EPwm.c', needed by 'DSP2833x_EPwm.obj'.
gmake: *** No rule to make target 'D:/DSP2833x_ProjectExample/DSP2833x_common/source/DSP2833x_EQep.c', needed by 'DSP2833x_EQep.obj'.
gmake: *** No rule to make target 'D:/DSP2833x_ProjectExample/DSP2833x_headers/source/DSP2833x_GlobalVariableDefs.c', needed by 'DSP2833x_GlobalVariableDefs.obj'.
gmake: *** No rule to make target 'D:/DSP2833x_ProjectExample/DSP2833x_common/source/DSP2833x_PieCtrl.c', needed by 'DSP2833x_PieCtrl.obj'.
gmake: *** No rule to make target 'D:/DSP2833x_ProjectExample/DSP2833x_common/source/DSP2833x_PieVect.c', needed by 'DSP2833x_PieVect.obj'.
gmake: *** No rule to make target 'D:/DSP2833x_ProjectExample/DSP2833x_common/source/DSP2833x_SysCtrl.c', needed by 'DSP2833x_SysCtrl.obj'.
gmake: *** No rule to make target 'D:/DSP2833x_ProjectExample/DSP2833x_common/source/DSP2833x_usDelay.asm', needed by 'DSP2833x_usDelay.obj'.
"../Example_2833xEqep_pos_speed.c", line 59: fatal error: cannot open source
          file "DSP28x_Project.h"
  #include "DSP28x_Project.h"     // Device Headerfile and Examples Include File
                                                                                ^

1 catastrophic error detected in the compilation of "../Example_2833xEqep_pos_speed.c".
Compilation terminated.
gmake: *** [Example_2833xEqep_pos_speed.obj] Error 1
'Building file: ../Example_EPwmSetup.c'
'Invoking: C2000 Compiler'
"C:/ti/ccsv6/tools/compiler/ti-cgt-c2000_15.12.1.LTS/bin/cl2000" -v28 -ml -mt --float_support=fpu32 --include_path="D:/DSP2833x_ProjectExample/DSP2833x_Libraries/DSP2833x_common" --include_path="D:/DSP2833x_ProjectExample/DSP2833x_Libraries/DSP2833x_headers/include" --include_path="C:/ti/ccsv6/tools/compiler/ti-cgt-c2000_15.12.1.LTS/include" --include_path="/packages/ti/xdais" --include_path="D:/libs/math/IQmath/v15c/include" --include_path="D:/libs/math/FPUfastRTS/V100/include" -g --define="_DEBUG" --define="LARGE_MODEL" --quiet --verbose_diagnostics --diag_warning=225 --diag_suppress=10063 --diag_suppress=16002 --issue_remarks --output_all_syms --cdebug_asm_data --asm_directory="C:/tidcs/c28/DSP2833x/v130/DSP2833x_examples_ccsv5/eqep_pos_speed/Debug" --preproc_with_compile --preproc_dependency="Example_EPwmSetup.d"  "../Example_EPwmSetup.c"

>> Compilation failure
subdir_rules.mk:84: recipe for target 'Example_EPwmSetup.obj' failed
"../Example_EPwmSetup.c", line 18: fatal error: cannot open source file
          "DSP28x_Project.h"
  #include "DSP28x_Project.h"     // Device Headerfile and Examples Include File
                                                                                ^

1 catastrophic error detected in the compilation of "../Example_EPwmSetup.c".
Compilation terminated.
gmake: *** [Example_EPwmSetup.obj] Error 1
'Building file: ../Example_posspeed.c'
'Invoking: C2000 Compiler'
"C:/ti/ccsv6/tools/compiler/ti-cgt-c2000_15.12.1.LTS/bin/cl2000" -v28 -ml -mt --float_support=fpu32 --include_path="D:/DSP2833x_ProjectExample/DSP2833x_Libraries/DSP2833x_common" --include_path="D:/DSP2833x_ProjectExample/DSP2833x_Libraries/DSP2833x_headers/include" --include_path="C:/ti/ccsv6/tools/compiler/ti-cgt-c2000_15.12.1.LTS/include" --include_path="/packages/ti/xdais" --include_path="D:/libs/math/IQmath/v15c/include" --include_path="D:/libs/math/FPUfastRTS/V100/include" -g --define="_DEBUG" --define="LARGE_MODEL" --quiet --verbose_diagnostics --diag_warning=225 --diag_suppress=10063 --diag_suppress=16002 --issue_remarks --output_all_syms --cdebug_asm_data --asm_directory="C:/tidcs/c28/DSP2833x/v130/DSP2833x_examples_ccsv5/eqep_pos_speed/Debug" --preproc_with_compile --preproc_dependency="Example_posspeed.d"  "../Example_posspeed.c"

>> Compilation failure
subdir_rules.mk:91: recipe for target 'Example_posspeed.obj' failed
"../Example_posspeed.c", line 84: fatal error: cannot open source file
          "DSP28x_Project.h"
  #include "DSP28x_Project.h"     // Device Headerfile and Examples Include File
                                                                                ^

1 catastrophic error detected in the compilation of "../Example_posspeed.c".
Compilation terminated.
gmake: *** [Example_posspeed.obj] Error 1
gmake: *** No rule to make target 'D:/DSP2833x_ProjectExample/DSP2833x_common/cmd/28335_RAM_lnk.cmd', needed by 'Example_2833xEqep_pos_speed.out'.
gmake: *** No rule to make target 'D:/DSP2833x_ProjectExample/DSP2833x_headers/cmd/DSP2833x_Headers_nonBIOS.cmd', needed by 'Example_2833xEqep_pos_speed.out'.
gmake: Target 'all' not remade because of errors.

**** Build Finished ****
